#
# There is insufficient memory for the Java Runtime Environment to continue.
# Native memory allocation (malloc) failed to allocate 32744 bytes for ChunkPool::allocate
# Possible reasons:
#   The system is out of physical RAM or swap space
#   In 32 bit mode, the process size limit was hit
# Possible solutions:
#   Reduce memory load on the system
#   Increase physical memory or swap space
#   Check if swap backing store is full
#   Use 64 bit Java on a 64 bit OS
#   Decrease Java heap size (-Xmx/-Xms)
#   Decrease number of Java threads
#   Decrease Java thread stack sizes (-Xss)
#   Set larger code cache with -XX:ReservedCodeCacheSize=
# This output file may be truncated or incomplete.
#
#  Out of Memory Error (allocation.cpp:273), pid=8072, tid=0x0000000000001530
#
# JRE version: Java(TM) SE Runtime Environment (8.0_121-b13) (build 1.8.0_121-b13)
# Java VM: Java HotSpot(TM) 64-Bit Server VM (25.121-b13 mixed mode windows-amd64 compressed oops)
# Failed to write core dump. Minidumps are not enabled by default on client versions of Windows
#

---------------  T H R E A D  ---------------

Current thread (0x0000000016bb5000):  JavaThread "C2 CompilerThread1" daemon [_thread_in_native, id=5424, stack(0x0000000018590000,0x0000000018690000)]

Stack: [0x0000000018590000,0x0000000018690000]
[error occurred during error reporting (printing stack bounds), id 0xc0000005]

Native frames: (J=compiled Java code, j=interpreted, Vv=VM code, C=native code)


Current CompileTask:
C2:  33336 9473       4       java.net.URLClassLoader$1::run (5 bytes)


---------------  P R O C E S S  ---------------

Java Threads: ( => current thread )
  0x000000001ac38800 JavaThread "Forward streams with process: command 'D:\Java\jdk1.8.0_121\bin\java.exe' Thread 3" [_thread_in_native, id=9616, stack(0x0000000023b30000,0x0000000023c30000)]
  0x000000001ac38000 JavaThread "Forward streams with process: command 'D:\Java\jdk1.8.0_121\bin\java.exe' Thread 2" [_thread_in_native, id=9612, stack(0x0000000023a30000,0x0000000023b30000)]
  0x000000001ac3b000 JavaThread "Forward streams with process: command 'D:\Java\jdk1.8.0_121\bin\java.exe'" [_thread_blocked, id=9608, stack(0x0000000023930000,0x0000000023a30000)]
  0x000000001ac39800 JavaThread "Run command 'D:\Java\jdk1.8.0_121\bin\java.exe'" [_thread_in_vm, id=9584, stack(0x0000000023630000,0x0000000023730000)]
  0x000000001ac37000 JavaThread "Run command 'D:\Java\jdk1.8.0_121\bin\java.exe'" [_thread_blocked, id=9580, stack(0x0000000023530000,0x0000000023630000)]
  0x0000000018f51000 JavaThread "Run command 'D:\Java\jdk1.8.0_121\bin\java.exe'" [_thread_blocked, id=9576, stack(0x0000000023430000,0x0000000023530000)]
  0x0000000018f4e800 JavaThread "Run command 'D:\Java\jdk1.8.0_121\bin\java.exe'" [_thread_in_native, id=9572, stack(0x0000000023330000,0x0000000023430000)]
  0x0000000018f4e000 JavaThread "pool-4-thread-4" [_thread_blocked, id=9568, stack(0x0000000023230000,0x0000000023330000)]
  0x0000000018f4f800 JavaThread "pool-4-thread-1" [_thread_blocked, id=9564, stack(0x0000000023130000,0x0000000023230000)]
  0x0000000018f50000 JavaThread "pool-4-thread-3" [_thread_blocked, id=9560, stack(0x0000000023030000,0x0000000023130000)]
  0x0000000018f4a000 JavaThread "pool-4-thread-2" [_thread_blocked, id=9556, stack(0x0000000022f30000,0x0000000023030000)]
  0x0000000018f4b800 JavaThread "pool-3-thread-4" [_thread_blocked, id=9552, stack(0x0000000022e30000,0x0000000022f30000)]
  0x0000000018f4d000 JavaThread "pool-3-thread-3" [_thread_blocked, id=9548, stack(0x0000000022d30000,0x0000000022e30000)]
  0x0000000018f4c800 JavaThread "pool-3-thread-2" [_thread_blocked, id=9544, stack(0x0000000022c30000,0x0000000022d30000)]
  0x0000000018f4b000 JavaThread "pool-3-thread-1" [_thread_blocked, id=9540, stack(0x0000000022b30000,0x0000000022c30000)]
  0x000000001d88f800 JavaThread "File lock request listener" [_thread_in_native, id=9296, stack(0x00000000195d0000,0x00000000196d0000)]
  0x000000001b694800 JavaThread "pool-1-thread-1" [_thread_blocked, id=9268, stack(0x000000001bfe0000,0x000000001c0e0000)]
  0x0000000016bfd000 JavaThread "Service Thread" daemon [_thread_blocked, id=9180, stack(0x0000000018790000,0x0000000018890000)]
  0x0000000016bb8000 JavaThread "C1 CompilerThread2" daemon [_thread_blocked, id=3748, stack(0x0000000018690000,0x0000000018790000)]
=>0x0000000016bb5000 JavaThread "C2 CompilerThread1" daemon [_thread_in_native, id=5424, stack(0x0000000018590000,0x0000000018690000)]
  0x0000000016baf800 JavaThread "C2 CompilerThread0" daemon [_thread_blocked, id=8316, stack(0x0000000018490000,0x0000000018590000)]
  0x0000000016bab000 JavaThread "Attach Listener" daemon [_thread_blocked, id=8656, stack(0x0000000018390000,0x0000000018490000)]
  0x0000000016ba9800 JavaThread "Signal Dispatcher" daemon [_thread_blocked, id=8216, stack(0x0000000018290000,0x0000000018390000)]
  0x0000000001ffa000 JavaThread "Finalizer" daemon [_thread_blocked, id=3084, stack(0x0000000017e10000,0x0000000017f10000)]
  0x0000000001ff1000 JavaThread "Reference Handler" daemon [_thread_blocked, id=8552, stack(0x0000000017d10000,0x0000000017e10000)]
  0x0000000001f00800 JavaThread "main" [_thread_blocked, id=948, stack(0x0000000001dd0000,0x0000000001ed0000)]

Other Threads:
  0x0000000016b77000 VMThread [stack: 0x0000000017c10000,0x0000000017d10000] [id=5236]
  0x0000000016c0b000 WatcherThread [stack: 0x0000000018c90000,0x0000000018d90000] [id=2484]

VM state:not at safepoint (normal execution)

VM Mutex/Monitor currently owned by a thread: None

Heap:
 PSYoungGen      total 154624K, used 84355K [0x00000000d5980000, 0x00000000e2180000, 0x0000000100000000)
  eden space 135168K, 49% used [0x00000000d5980000,0x00000000d9b313d0,0x00000000ddd80000)
  from space 19456K, 87% used [0x00000000df380000,0x00000000e042f9f8,0x00000000e0680000)
  to   space 22528K, 0% used [0x00000000ddd80000,0x00000000ddd80000,0x00000000df380000)
 ParOldGen       total 154624K, used 37188K [0x0000000080c00000, 0x000000008a300000, 0x00000000d5980000)
  object space 154624K, 24% used [0x0000000080c00000,0x0000000083051318,0x000000008a300000)
 Metaspace       used 61886K, capacity 63368K, committed 63616K, reserved 1103872K
  class space    used 8172K, capacity 8555K, committed 8576K, reserved 1048576K

Card table byte_map: [0x00000000113c0000,0x00000000117c0000] byte_map_base: 0x0000000010fba000

Marking Bits: (ParMarkBitMap*) 0x00000000511ab6d0
 Begin Bits: [0x0000000011e70000, 0x0000000013e40000)
 End Bits:   [0x0000000013e40000, 0x0000000015e10000)

Polling page: 0x0000000001d30000

CodeCache: size=245760Kb used=27726Kb max_used=28726Kb free=218033Kb
 bounds [0x0000000002000000, 0x0000000003c40000, 0x0000000011000000]
 total_blobs=9020 nmethods=8237 adapters=694
 compilation: enabled

Compilation events (10 events):
Event: 33.249 Thread 0x0000000016bb8000 nmethod 9524 0x000000000385c410 code [0x000000000385c560, 0x000000000385c690]
Event: 33.250 Thread 0x0000000016bb8000 9525       3       java.lang.ThreadLocal$ThreadLocalMap$Entry::<init> (11 bytes)
Event: 33.250 Thread 0x0000000016bb8000 nmethod 9525 0x0000000002258050 code [0x00000000022581c0, 0x0000000002258510]
Event: 33.252 Thread 0x0000000016bb8000 9527       3       java.lang.ProcessEnvironment$EntryComparator::compare (13 bytes)
Event: 33.253 Thread 0x0000000016bb8000 nmethod 9527 0x0000000002360910 code [0x0000000002360ae0, 0x0000000002361388]
Event: 33.255 Thread 0x0000000016bb8000 9528       3       java.lang.Thread::isInterrupted (6 bytes)
Event: 33.255 Thread 0x0000000016bb8000 nmethod 9528 0x000000000228f150 code [0x000000000228f2c0, 0x000000000228f448]
Event: 33.261 Thread 0x0000000016baf800 nmethod 9521 0x00000000021e05d0 code [0x00000000021e0860, 0x00000000021e28e8]
Event: 33.261 Thread 0x0000000016baf800 9526  s    4       sun.misc.Resource::cachedInputStream (20 bytes)
Event: 33.262 Thread 0x0000000016baf800 nmethod 9526 0x000000000229f710 code [0x000000000229f860, 0x000000000229fbe8]

GC Heap History (10 events):
Event: 25.987 GC heap before
{Heap before GC invocations=17 (full 2):
 PSYoungGen      total 114176K, used 114163K [0x00000000d5980000, 0x00000000ddb00000, 0x0000000100000000)
  eden space 102400K, 100% used [0x00000000d5980000,0x00000000dbd80000,0x00000000dbd80000)
  from space 11776K, 99% used [0x00000000dcb80000,0x00000000dd6fcc90,0x00000000dd700000)
  to   space 14336K, 0% used [0x00000000dbd80000,0x00000000dbd80000,0x00000000dcb80000)
 ParOldGen       total 103936K, used 20052K [0x0000000080c00000, 0x0000000087180000, 0x00000000d5980000)
  object space 103936K, 19% used [0x0000000080c00000,0x0000000081f95338,0x0000000087180000)
 Metaspace       used 56112K, capacity 57526K, committed 57600K, reserved 1099776K
  class space    used 7483K, capacity 7875K, committed 7936K, reserved 1048576K
Event: 26.005 GC heap after
Heap after GC invocations=17 (full 2):
 PSYoungGen      total 116736K, used 14304K [0x00000000d5980000, 0x00000000e0680000, 0x0000000100000000)
  eden space 102400K, 0% used [0x00000000d5980000,0x00000000d5980000,0x00000000dbd80000)
  from space 14336K, 99% used [0x00000000dbd80000,0x00000000dcb781f8,0x00000000dcb80000)
  to   space 19456K, 0% used [0x00000000df380000,0x00000000df380000,0x00000000e0680000)
 ParOldGen       total 103936K, used 29198K [0x0000000080c00000, 0x0000000087180000, 0x00000000d5980000)
  object space 103936K, 28% used [0x0000000080c00000,0x0000000082883a98,0x0000000087180000)
 Metaspace       used 56112K, capacity 57526K, committed 57600K, reserved 1099776K
  class space    used 7483K, capacity 7875K, committed 7936K, reserved 1048576K
}
Event: 26.308 GC heap before
{Heap before GC invocations=18 (full 2):
 PSYoungGen      total 116736K, used 57335K [0x00000000d5980000, 0x00000000e0680000, 0x0000000100000000)
  eden space 102400K, 42% used [0x00000000d5980000,0x00000000d8385b08,0x00000000dbd80000)
  from space 14336K, 99% used [0x00000000dbd80000,0x00000000dcb781f8,0x00000000dcb80000)
  to   space 19456K, 0% used [0x00000000df380000,0x00000000df380000,0x00000000e0680000)
 ParOldGen       total 103936K, used 29198K [0x0000000080c00000, 0x0000000087180000, 0x00000000d5980000)
  object space 103936K, 28% used [0x0000000080c00000,0x0000000082883a98,0x0000000087180000)
 Metaspace       used 57600K, capacity 59006K, committed 59136K, reserved 1099776K
  class space    used 7706K, capacity 8069K, committed 8192K, reserved 1048576K
Event: 26.319 GC heap after
Heap after GC invocations=18 (full 2):
 PSYoungGen      total 156160K, used 16076K [0x00000000d5980000, 0x00000000e0f80000, 0x0000000100000000)
  eden space 136704K, 0% used [0x00000000d5980000,0x00000000d5980000,0x00000000ddf00000)
  from space 19456K, 82% used [0x00000000df380000,0x00000000e0333330,0x00000000e0680000)
  to   space 20992K, 0% used [0x00000000ddf00000,0x00000000ddf00000,0x00000000df380000)
 ParOldGen       total 103936K, used 29206K [0x0000000080c00000, 0x0000000087180000, 0x00000000d5980000)
  object space 103936K, 28% used [0x0000000080c00000,0x0000000082885a98,0x0000000087180000)
 Metaspace       used 57600K, capacity 59006K, committed 59136K, reserved 1099776K
  class space    used 7706K, capacity 8069K, committed 8192K, reserved 1048576K
}
Event: 26.319 GC heap before
{Heap before GC invocations=19 (full 3):
 PSYoungGen      total 156160K, used 16076K [0x00000000d5980000, 0x00000000e0f80000, 0x0000000100000000)
  eden space 136704K, 0% used [0x00000000d5980000,0x00000000d5980000,0x00000000ddf00000)
  from space 19456K, 82% used [0x00000000df380000,0x00000000e0333330,0x00000000e0680000)
  to   space 20992K, 0% used [0x00000000ddf00000,0x00000000ddf00000,0x00000000df380000)
 ParOldGen       total 103936K, used 29206K [0x0000000080c00000, 0x0000000087180000, 0x00000000d5980000)
  object space 103936K, 28% used [0x0000000080c00000,0x0000000082885a98,0x0000000087180000)
 Metaspace       used 57600K, capacity 59006K, committed 59136K, reserved 1099776K
  class space    used 7706K, capacity 8069K, committed 8192K, reserved 1048576K
Event: 26.461 GC heap after
Heap after GC invocations=19 (full 3):
 PSYoungGen      total 156160K, used 0K [0x00000000d5980000, 0x00000000e0f80000, 0x0000000100000000)
  eden space 136704K, 0% used [0x00000000d5980000,0x00000000d5980000,0x00000000ddf00000)
  from space 19456K, 0% used [0x00000000df380000,0x00000000df380000,0x00000000e0680000)
  to   space 20992K, 0% used [0x00000000ddf00000,0x00000000ddf00000,0x00000000df380000)
 ParOldGen       total 154624K, used 37172K [0x0000000080c00000, 0x000000008a300000, 0x00000000d5980000)
  object space 154624K, 24% used [0x0000000080c00000,0x000000008304d318,0x000000008a300000)
 Metaspace       used 57536K, capacity 58868K, committed 59136K, reserved 1099776K
  class space    used 7689K, capacity 8023K, committed 8192K, reserved 1048576K
}
Event: 29.388 GC heap before
{Heap before GC invocations=20 (full 3):
 PSYoungGen      total 156160K, used 136704K [0x00000000d5980000, 0x00000000e0f80000, 0x0000000100000000)
  eden space 136704K, 100% used [0x00000000d5980000,0x00000000ddf00000,0x00000000ddf00000)
  from space 19456K, 0% used [0x00000000df380000,0x00000000df380000,0x00000000e0680000)
  to   space 20992K, 0% used [0x00000000ddf00000,0x00000000ddf00000,0x00000000df380000)
 ParOldGen       total 154624K, used 37172K [0x0000000080c00000, 0x000000008a300000, 0x00000000d5980000)
  object space 154624K, 24% used [0x0000000080c00000,0x000000008304d318,0x000000008a300000)
 Metaspace       used 61535K, capacity 62900K, committed 63104K, reserved 1103872K
  class space    used 8108K, capacity 8471K, committed 8576K, reserved 1048576K
Event: 29.402 GC heap after
Heap after GC invocations=20 (full 3):
 PSYoungGen      total 157696K, used 13955K [0x00000000d5980000, 0x00000000e0f80000, 0x0000000100000000)
  eden space 136704K, 0% used [0x00000000d5980000,0x00000000d5980000,0x00000000ddf00000)
  from space 20992K, 66% used [0x00000000ddf00000,0x00000000deca0d78,0x00000000df380000)
  to   space 19456K, 0% used [0x00000000df380000,0x00000000df380000,0x00000000e0680000)
 ParOldGen       total 154624K, used 37180K [0x0000000080c00000, 0x000000008a300000, 0x00000000d5980000)
  object space 154624K, 24% used [0x0000000080c00000,0x000000008304f318,0x000000008a300000)
 Metaspace       used 61535K, capacity 62900K, committed 63104K, reserved 1103872K
  class space    used 8108K, capacity 8471K, committed 8576K, reserved 1048576K
}
Event: 32.162 GC heap before
{Heap before GC invocations=21 (full 3):
 PSYoungGen      total 157696K, used 150659K [0x00000000d5980000, 0x00000000e0f80000, 0x0000000100000000)
  eden space 136704K, 100% used [0x00000000d5980000,0x00000000ddf00000,0x00000000ddf00000)
  from space 20992K, 66% used [0x00000000ddf00000,0x00000000deca0d78,0x00000000df380000)
  to   space 19456K, 0% used [0x00000000df380000,0x00000000df380000,0x00000000e0680000)
 ParOldGen       total 154624K, used 37180K [0x0000000080c00000, 0x000000008a300000, 0x00000000d5980000)
  object space 154624K, 24% used [0x0000000080c00000,0x000000008304f318,0x000000008a300000)
 Metaspace       used 61543K, capacity 62970K, committed 63104K, reserved 1103872K
  class space    used 8109K, capacity 8472K, committed 8576K, reserved 1048576K
Event: 32.175 GC heap after
Heap after GC invocations=21 (full 3):
 PSYoungGen      total 154624K, used 17086K [0x00000000d5980000, 0x00000000e2180000, 0x0000000100000000)
  eden space 135168K, 0% used [0x00000000d5980000,0x00000000d5980000,0x00000000ddd80000)
  from space 19456K, 87% used [0x00000000df380000,0x00000000e042f9f8,0x00000000e0680000)
  to   space 22528K, 0% used [0x00000000ddd80000,0x00000000ddd80000,0x00000000df380000)
 ParOldGen       total 154624K, used 37188K [0x0000000080c00000, 0x000000008a300000, 0x00000000d5980000)
  object space 154624K, 24% used [0x0000000080c00000,0x0000000083051318,0x000000008a300000)
 Metaspace       used 61543K, capacity 62970K, committed 63104K, reserved 1103872K
  class space    used 8109K, capacity 8472K, committed 8576K, reserved 1048576K
}

Deoptimization events (10 events):
Event: 33.186 Thread 0x0000000018f4d000 Uncommon trap: reason=class_check action=maybe_recompile pc=0x0000000002ae7c88 method=java.util.concurrent.ConcurrentHashMap.putVal(Ljava/lang/Object;Ljava/lang/Object;Z)Ljava/lang/Object; @ 192
Event: 33.195 Thread 0x0000000018f4c800 Uncommon trap: reason=range_check action=make_not_entrant pc=0x00000000027866e4 method=java.util.zip.ZipUtils.get16([BI)I @ 10
Event: 33.196 Thread 0x0000000018f4b800 Uncommon trap: reason=unstable_if action=reinterpret pc=0x0000000002f39fd8 method=java.util.Formatter$FormatSpecifier.index(Ljava/lang/String;)I @ 1
Event: 33.196 Thread 0x0000000018f4d000 Uncommon trap: reason=class_check action=maybe_recompile pc=0x0000000002ae7c88 method=java.util.concurrent.ConcurrentHashMap.putVal(Ljava/lang/Object;Ljava/lang/Object;Z)Ljava/lang/Object; @ 192
Event: 33.197 Thread 0x0000000018f4b000 Uncommon trap: reason=class_check action=maybe_recompile pc=0x0000000002ae7c88 method=java.util.concurrent.ConcurrentHashMap.putVal(Ljava/lang/Object;Ljava/lang/Object;Z)Ljava/lang/Object; @ 192
Event: 33.197 Thread 0x0000000018f4d000 Uncommon trap: reason=class_check action=maybe_recompile pc=0x0000000002ae7c88 method=java.util.concurrent.ConcurrentHashMap.putVal(Ljava/lang/Object;Ljava/lang/Object;Z)Ljava/lang/Object; @ 192
Event: 33.246 Thread 0x0000000018f50000 Uncommon trap: reason=bimorphic action=maybe_recompile pc=0x0000000003bb9244 method=org.gradle.util.CollectionUtils.join(Ljava/lang/String;Ljava/lang/Iterable;)Ljava/lang/String; @ 37
Event: 33.246 Thread 0x0000000018f4e000 Uncommon trap: reason=bimorphic action=maybe_recompile pc=0x0000000003bb9244 method=org.gradle.util.CollectionUtils.join(Ljava/lang/String;Ljava/lang/Iterable;)Ljava/lang/String; @ 37
Event: 33.246 Thread 0x0000000018f4f800 Uncommon trap: reason=bimorphic action=maybe_recompile pc=0x0000000003bb9244 method=org.gradle.util.CollectionUtils.join(Ljava/lang/String;Ljava/lang/Iterable;)Ljava/lang/String; @ 37
Event: 33.246 Thread 0x0000000018f4a000 Uncommon trap: reason=bimorphic action=maybe_recompile pc=0x0000000003bb9244 method=org.gradle.util.CollectionUtils.join(Ljava/lang/String;Ljava/lang/Iterable;)Ljava/lang/String; @ 37

Internal exceptions (10 events):
Event: 25.402 Thread 0x0000000001f00800 Exception <a 'java/lang/ClassNotFoundException': org/apache/tools/ant/taskdefs/condition/OsBeanInfo> (0x00000000da447ff8) thrown at [C:\re\workspace\8-2-build-windows-amd64-cygwin\jdk8u121\8372\hotspot\src\share\vm\classfile\systemDictionary.cpp, line 210
Event: 25.402 Thread 0x0000000001f00800 Exception <a 'java/lang/ClassNotFoundException': org/apache/tools/ant/taskdefs/condition/OsCustomizer> (0x00000000da452180) thrown at [C:\re\workspace\8-2-build-windows-amd64-cygwin\jdk8u121\8372\hotspot\src\share\vm\classfile\systemDictionary.cpp, line 2
Event: 25.432 Thread 0x0000000001f00800 Exception <a 'java/lang/ClassNotFoundException': org/gradle/platform/base/BinaryContainer_ImplBeanInfo> (0x00000000da7ac830) thrown at [C:\re\workspace\8-2-build-windows-amd64-cygwin\jdk8u121\8372\hotspot\src\share\vm\classfile\systemDictionary.cpp, line 
Event: 25.432 Thread 0x0000000001f00800 Exception <a 'java/lang/ClassNotFoundException': org/gradle/model/internal/core/NodeBackedModelMapBeanInfo> (0x00000000da7bc248) thrown at [C:\re\workspace\8-2-build-windows-amd64-cygwin\jdk8u121\8372\hotspot\src\share\vm\classfile\systemDictionary.cpp, l
Event: 25.432 Thread 0x0000000001f00800 Exception <a 'java/lang/ClassNotFoundException': org/gradle/model/internal/core/ModelMapGroovyViewBeanInfo> (0x00000000da7cbc60) thrown at [C:\re\workspace\8-2-build-windows-amd64-cygwin\jdk8u121\8372\hotspot\src\share\vm\classfile\systemDictionary.cpp, l
Event: 25.432 Thread 0x0000000001f00800 Exception <a 'java/lang/ClassNotFoundException': org/gradle/model/internal/core/ModelMapGroovyViewCustomizer> (0x00000000da7dc010) thrown at [C:\re\workspace\8-2-build-windows-amd64-cygwin\jdk8u121\8372\hotspot\src\share\vm\classfile\systemDictionary.cpp,
Event: 25.433 Thread 0x0000000001f00800 Exception <a 'java/lang/ClassNotFoundException': org/gradle/model/internal/core/NodeBackedModelMapCustomizer> (0x00000000da7ff878) thrown at [C:\re\workspace\8-2-build-windows-amd64-cygwin\jdk8u121\8372\hotspot\src\share\vm\classfile\systemDictionary.cpp,
Event: 25.433 Thread 0x0000000001f00800 Exception <a 'java/lang/ClassNotFoundException': org/gradle/platform/base/BinaryContainer_ImplCustomizer> (0x00000000da85c0b8) thrown at [C:\re\workspace\8-2-build-windows-amd64-cygwin\jdk8u121\8372\hotspot\src\share\vm\classfile\systemDictionary.cpp, lin
Event: 25.835 Thread 0x0000000001f00800 Implicit null exception at 0x000000000261ba23 to 0x000000000261bc9d
Event: 25.907 Thread 0x0000000001f00800 Exception <a 'java/lang/NoSuchMethodError': <clinit>> (0x00000000db9a58f8) thrown at [C:\re\workspace\8-2-build-windows-amd64-cygwin\jdk8u121\8372\hotspot\src\share\vm\prims\jni.cpp, line 1613]

Events (10 events):
Event: 33.261 Thread 0x0000000016baf800 flushing nmethod 0x0000000002b93d50
Event: 33.261 Thread 0x0000000016baf800 flushing nmethod 0x0000000002b95110
Event: 33.261 Thread 0x0000000016baf800 flushing nmethod 0x0000000002b97810
Event: 33.261 Thread 0x0000000016baf800 flushing nmethod 0x0000000002bab490
Event: 33.261 Thread 0x0000000016baf800 flushing nmethod 0x0000000002bac310
Event: 33.261 Thread 0x0000000016baf800 flushing nmethod 0x0000000002bcb7d0
Event: 33.263 Thread 0x0000000016baf800 flushing nmethod 0x0000000002c3c250
Event: 33.263 Thread 0x0000000016baf800 flushing nmethod 0x0000000002c3cad0
Event: 33.263 Thread 0x0000000016baf800 flushing nmethod 0x0000000002c3ed90
Event: 33.263 Thread 0x0000000016baf800 flushing nmethod 0x0000000002c807d0


Dynamic libraries:
0x00007ff69c640000 - 0x00007ff69c677000 	D:\Java\jdk1.8.0_121\bin\java.exe
0x00007ffc6b040000 - 0x00007ffc6b1ed000 	C:\WINDOWS\SYSTEM32\ntdll.dll
0x00007ffc68ce0000 - 0x00007ffc68e1e000 	C:\WINDOWS\system32\KERNEL32.DLL
0x00007ffc685a0000 - 0x00007ffc686b5000 	C:\WINDOWS\system32\KERNELBASE.dll
0x00007ffc66b80000 - 0x00007ffc66c0e000 	C:\WINDOWS\system32\apphelp.dll
0x00007ffc51af0000 - 0x00007ffc51b43000 	C:\WINDOWS\AppPatch\AppPatch64\AcGenral.DLL
0x00007ffc68e20000 - 0x00007ffc68eca000 	C:\WINDOWS\system32\msvcrt.dll
0x00007ffc682e0000 - 0x00007ffc6830e000 	C:\WINDOWS\system32\SspiCli.dll
0x00007ffc694b0000 - 0x00007ffc69504000 	C:\WINDOWS\system32\SHLWAPI.dll
0x00007ffc68ed0000 - 0x00007ffc69047000 	C:\WINDOWS\system32\USER32.dll
0x00007ffc69700000 - 0x00007ffc69894000 	C:\WINDOWS\system32\ole32.dll
0x00007ffc69b10000 - 0x00007ffc6b038000 	C:\WINDOWS\system32\SHELL32.dll
0x00007ffc677a0000 - 0x00007ffc677c1000 	C:\WINDOWS\SYSTEM32\USERENV.dll
0x00007ffc69910000 - 0x00007ffc699ba000 	C:\WINDOWS\system32\ADVAPI32.dll
0x00007ffc5b260000 - 0x00007ffc5b27e000 	C:\WINDOWS\SYSTEM32\MPR.dll
0x00007ffc68900000 - 0x00007ffc68a40000 	C:\WINDOWS\system32\RPCRT4.dll
0x00007ffc69450000 - 0x00007ffc694a9000 	C:\WINDOWS\SYSTEM32\sechost.dll
0x00007ffc69050000 - 0x00007ffc69261000 	C:\WINDOWS\SYSTEM32\combase.dll
0x00007ffc699c0000 - 0x00007ffc69b0f000 	C:\WINDOWS\system32\GDI32.dll
0x00007ffc68160000 - 0x00007ffc68175000 	C:\WINDOWS\SYSTEM32\profapi.dll
0x00007ffc663a0000 - 0x00007ffc66452000 	C:\WINDOWS\SYSTEM32\SHCORE.dll
0x00007ffc69510000 - 0x00007ffc69546000 	C:\WINDOWS\system32\IMM32.DLL
0x00007ffc686c0000 - 0x00007ffc68812000 	C:\WINDOWS\system32\MSCTF.dll
0x00007ffc65d10000 - 0x00007ffc65f8a000 	C:\WINDOWS\WinSxS\amd64_microsoft.windows.common-controls_6595b64144ccf1df_6.0.9600.17810_none_6240b9c7ecbd0bda\COMCTL32.dll
0x0000000051230000 - 0x0000000051302000 	D:\Java\jdk1.8.0_121\jre\bin\msvcr100.dll
0x0000000050990000 - 0x000000005122b000 	D:\Java\jdk1.8.0_121\jre\bin\server\jvm.dll
0x00007ffc61b50000 - 0x00007ffc61b59000 	C:\WINDOWS\SYSTEM32\WSOCK32.dll
0x00007ffc652e0000 - 0x00007ffc65302000 	C:\WINDOWS\SYSTEM32\WINMM.dll
0x00007ffc658a0000 - 0x00007ffc658aa000 	C:\WINDOWS\SYSTEM32\VERSION.dll
0x00007ffc68a40000 - 0x00007ffc68a47000 	C:\WINDOWS\system32\PSAPI.DLL
0x00007ffc68830000 - 0x00007ffc6888a000 	C:\WINDOWS\system32\WS2_32.dll
0x00007ffc65240000 - 0x00007ffc6526a000 	C:\WINDOWS\SYSTEM32\WINMMBASE.dll
0x00007ffc68b10000 - 0x00007ffc68b19000 	C:\WINDOWS\system32\NSI.dll
0x00007ffc684f0000 - 0x00007ffc6853f000 	C:\WINDOWS\SYSTEM32\cfgmgr32.dll
0x00007ffc66f80000 - 0x00007ffc66fa8000 	C:\WINDOWS\SYSTEM32\DEVOBJ.dll
0x0000000050980000 - 0x000000005098f000 	D:\Java\jdk1.8.0_121\jre\bin\verify.dll
0x0000000050950000 - 0x0000000050979000 	D:\Java\jdk1.8.0_121\jre\bin\java.dll
0x0000000050930000 - 0x0000000050946000 	D:\Java\jdk1.8.0_121\jre\bin\zip.dll
0x0000000050910000 - 0x000000005092a000 	D:\Java\jdk1.8.0_121\jre\bin\net.dll
0x00007ffc67a50000 - 0x00007ffc67aa9000 	C:\WINDOWS\system32\mswsock.dll
0x00000000508f0000 - 0x0000000050901000 	D:\Java\jdk1.8.0_121\jre\bin\nio.dll
0x00007ffc58fa0000 - 0x00007ffc58fb2000 	C:\Users\slooo_000\.gradle\native\19\windows-amd64\native-platform.dll
0x0000000180000000 - 0x0000000180037000 	C:\Users\slooo_000\.gradle\native\jna\win32-amd64\jnidispatch.dll
0x00007ffc67bc0000 - 0x00007ffc67be0000 	C:\WINDOWS\SYSTEM32\CRYPTSP.dll
0x00007ffc67760000 - 0x00007ffc67796000 	C:\WINDOWS\system32\rsaenh.dll
0x00007ffc67d20000 - 0x00007ffc67d46000 	C:\WINDOWS\SYSTEM32\bcrypt.dll
0x00007ffc68030000 - 0x00007ffc68093000 	C:\WINDOWS\system32\bcryptprimitives.dll
0x00007ffc680a0000 - 0x00007ffc680ab000 	C:\WINDOWS\SYSTEM32\CRYPTBASE.dll
0x00007ffc648f0000 - 0x00007ffc6491a000 	C:\WINDOWS\SYSTEM32\IPHLPAPI.DLL
0x00007ffc648d0000 - 0x00007ffc648da000 	C:\WINDOWS\SYSTEM32\WINNSI.DLL
0x00007ffc64330000 - 0x00007ffc64346000 	C:\WINDOWS\SYSTEM32\dhcpcsvc6.DLL
0x00007ffc64700000 - 0x00007ffc6471a000 	C:\WINDOWS\SYSTEM32\dhcpcsvc.DLL
0x00000000508e0000 - 0x00000000508ed000 	D:\Java\jdk1.8.0_121\jre\bin\management.dll
0x00000000508b0000 - 0x00000000508d4000 	D:\Java\jdk1.8.0_121\jre\bin\sunec.dll
0x00007ffc67850000 - 0x00007ffc678f4000 	C:\WINDOWS\SYSTEM32\DNSAPI.dll
0x00007ffc5bc20000 - 0x00007ffc5bc2a000 	C:\Windows\System32\rasadhlp.dll
0x00007ffc64350000 - 0x00007ffc643bb000 	C:\WINDOWS\System32\fwpuclnt.dll
0x00000000508a0000 - 0x00000000508ab000 	D:\Java\jdk1.8.0_121\jre\bin\sunmscapi.dll
0x00007ffc68310000 - 0x00007ffc684ef000 	C:\WINDOWS\system32\CRYPT32.dll
0x00007ffc68210000 - 0x00007ffc68221000 	C:\WINDOWS\system32\MSASN1.dll

VM Arguments:
jvm_args: -Dorg.gradle.appname=gradlew 
java_command: org.gradle.wrapper.GradleWrapperMain installDebug
java_class_path (initial): D:\reactnative\albums\android\\gradle\wrapper\gradle-wrapper.jar
Launcher Type: SUN_STANDARD

Environment Variables:
JAVA_HOME=D:\Java\jdk1.8.0_121
CLASSPATH=D:\reactnative\albums\android\\gradle\wrapper\gradle-wrapper.jar
PATH=C:\ProgramData\Oracle\Java\javapath;C:\WINDOWS\system32;C:\WINDOWS;C:\WINDOWS\System32\Wbem;C:\WINDOWS\System32\WindowsPowerShell\v1.0\;C:\Program Files (x86)\NVIDIA Corporation\PhysX\Common;C:\Program Files\Microsoft SQL Server\110\Tools\Binn\; C:\Users\slooo_000\Downloads\SDL2-2.0.4-win32-x64; C:\Users\slooo_000\Downloads\SDL2_image-2.0.1-win32-x64; C:\Users\slooo_000\Downloads\SDL2_ttf-2.0.14-win32-x64 (2); C:\Users\slooo_000\Downloads\SDL2_mixer-2.0.1-win32-x64;C:\Program Files (x86)\Skype\Phone\;D:\nodejs\;C:\Users\slooo_000\AppData\Roaming\npm;D:\Android\sdk\platform-tools
USERNAME=slooo_000
OS=Windows_NT
PROCESSOR_IDENTIFIER=Intel64 Family 6 Model 60 Stepping 3, GenuineIntel



---------------  S Y S T E M  ---------------

OS: Windows 8.1 , 64 bit Build 9600 (6.3.9600.17415)

CPU:total 4 (4 cores per cpu, 1 threads per core) family 6 model 60 stepping 3, cmov, cx8, fxsr, mmx, sse, sse2, sse3, ssse3, sse4.1, sse4.2, popcnt, avx, avx2, aes, clmul, erms, lzcnt, tsc, tscinvbit, bmi1, bmi2

Memory: 4k page, physical 8339272k(423564k free), swap 11485000k(4888k free)

vm_info: Java HotSpot(TM) 64-Bit Server VM (25.121-b13) for windows-amd64 JRE (1.8.0_121-b13), built on Dec 12 2016 18:21:36 by "java_re" with MS VC++ 10.0 (VS2010)

time: Sun Mar 12 01:12:58 2017
elapsed time: 33 seconds (0d 0h 0m 33s)

